nd_program<1755185250-213>(2):  CHILD [nd_import_part, nd_proof_part, ]
	nd_import_part<0-0>(0):  CHILD []
	nd_proof_part<9-213>(19):  CHILD [nd_proof_block, nd_proof_block, nd_proof_block, nd_proof_block, nd_proof_block, nd_proof_block, nd_proof_block, nd_proof_block, nd_proof_block, nd_proof_block, nd_proof_block, nd_proof_block, nd_proof_block, nd_proof_block, nd_proof_block, nd_proof_block, nd_proof_block, nd_proof_block, nd_proof_block, ]
		nd_proof_block<9-15>(3): name 'belong' CHILD [nd_proof_req, nd_exprs, NULL, ]
			nd_proof_req<10-12>(2):  CHILD [nd_of_exprs, nd_exprs, ]
				nd_of_exprs<11-12>(2):  CHILD [nd_of_expr, nd_of_expr, ]
					nd_of_expr<11-11>(1): var 'a' CHILD [nd_type, ]
						nd_type<11-11>(0): type 'statement' CHILD []
					nd_of_expr<12-12>(1): var 'b' CHILD [nd_type, ]
						nd_type<12-12>(1): type 'set' CHILD [nd_type, ]
							nd_type<12-12>(0): type 'statement' CHILD []
				nd_exprs<0-0>(0):  CHILD []
			nd_exprs<14-15>(1):  CHILD [nd_expr, ]
				nd_expr<14-14>(2): op 'op_get' CHILD [nd_expr, nd_expr, ]
					nd_expr<14-14>(2): op 'op_comma' CHILD [nd_expr, nd_expr, ]
						nd_expr<14-14>(1): var 'a' CHILD [a, ]
						nd_expr<14-14>(1): var 'b' CHILD [b, ]
					nd_expr<14-14>(1): var 'a' CHILD [a, ]
		nd_proof_block<16-25>(3): name 'not_cancellation' CHILD [nd_proof_req, nd_exprs, NULL, ]
			nd_proof_req<17-22>(2):  CHILD [nd_of_exprs, nd_exprs, ]
				nd_of_exprs<18-20>(3):  CHILD [nd_of_expr, nd_of_expr, nd_of_expr, ]
					nd_of_expr<18-18>(1): var 'a' CHILD [nd_type, ]
						nd_type<18-18>(0): type 'statement' CHILD []
					nd_of_expr<19-19>(1): var 'b' CHILD [nd_type, ]
						nd_type<19-19>(0): type 'statement' CHILD []
					nd_of_expr<20-20>(1): var 'c' CHILD [nd_type, ]
						nd_type<20-20>(1): type 'set' CHILD [nd_type, ]
							nd_type<20-20>(0): type 'statement' CHILD []
				nd_exprs<21-22>(2):  CHILD [nd_expr, nd_expr, ]
					nd_expr<21-21>(2): op 'op_get' CHILD [nd_expr, nd_expr, ]
						nd_expr<21-21>(2): op 'op_comma' CHILD [nd_expr, nd_expr, ]
							nd_expr<21-21>(1): op 'op_not' CHILD [nd_expr, ]
								nd_expr<21-21>(1): var 'a' CHILD [a, ]
							nd_expr<21-21>(1): var 'c' CHILD [c, ]
						nd_expr<21-21>(1): var 'b' CHILD [b, ]
					nd_expr<22-22>(2): op 'op_get' CHILD [nd_expr, nd_expr, ]
						nd_expr<22-22>(2): op 'op_comma' CHILD [nd_expr, nd_expr, ]
							nd_expr<22-22>(1): op 'op_not' CHILD [nd_expr, ]
								nd_expr<22-22>(1): var 'a' CHILD [a, ]
							nd_expr<22-22>(1): var 'c' CHILD [c, ]
						nd_expr<22-22>(1): op 'op_not' CHILD [nd_expr, ]
							nd_expr<22-22>(1): var 'b' CHILD [b, ]
			nd_exprs<24-25>(1):  CHILD [nd_expr, ]
				nd_expr<24-24>(2): op 'op_get' CHILD [nd_expr, nd_expr, ]
					nd_expr<24-24>(1): var 'c' CHILD [c, ]
					nd_expr<24-24>(1): var 'a' CHILD [a, ]
		nd_proof_block<26-35>(3): name 'not_introduction' CHILD [nd_proof_req, nd_exprs, NULL, ]
			nd_proof_req<27-32>(2):  CHILD [nd_of_exprs, nd_exprs, ]
				nd_of_exprs<28-30>(3):  CHILD [nd_of_expr, nd_of_expr, nd_of_expr, ]
					nd_of_expr<28-28>(1): var 'a' CHILD [nd_type, ]
						nd_type<28-28>(0): type 'statement' CHILD []
					nd_of_expr<29-29>(1): var 'b' CHILD [nd_type, ]
						nd_type<29-29>(0): type 'statement' CHILD []
					nd_of_expr<30-30>(1): var 'c' CHILD [nd_type, ]
						nd_type<30-30>(1): type 'set' CHILD [nd_type, ]
							nd_type<30-30>(0): type 'statement' CHILD []
				nd_exprs<31-32>(2):  CHILD [nd_expr, nd_expr, ]
					nd_expr<31-31>(2): op 'op_get' CHILD [nd_expr, nd_expr, ]
						nd_expr<31-31>(2): op 'op_comma' CHILD [nd_expr, nd_expr, ]
							nd_expr<31-31>(1): var 'a' CHILD [a, ]
							nd_expr<31-31>(1): var 'c' CHILD [c, ]
						nd_expr<31-31>(1): var 'b' CHILD [b, ]
					nd_expr<32-32>(2): op 'op_get' CHILD [nd_expr, nd_expr, ]
						nd_expr<32-32>(2): op 'op_comma' CHILD [nd_expr, nd_expr, ]
							nd_expr<32-32>(1): var 'a' CHILD [a, ]
							nd_expr<32-32>(1): var 'c' CHILD [c, ]
						nd_expr<32-32>(1): op 'op_not' CHILD [nd_expr, ]
							nd_expr<32-32>(1): var 'b' CHILD [b, ]
			nd_exprs<34-35>(1):  CHILD [nd_expr, ]
				nd_expr<34-34>(2): op 'op_get' CHILD [nd_expr, nd_expr, ]
					nd_expr<34-34>(1): var 'c' CHILD [c, ]
					nd_expr<34-34>(1): op 'op_not' CHILD [nd_expr, ]
						nd_expr<34-34>(1): var 'a' CHILD [a, ]
		nd_proof_block<36-45>(3): name 'contain_cancellation' CHILD [nd_proof_req, nd_exprs, NULL, ]
			nd_proof_req<37-42>(2):  CHILD [nd_of_exprs, nd_exprs, ]
				nd_of_exprs<38-40>(3):  CHILD [nd_of_expr, nd_of_expr, nd_of_expr, ]
					nd_of_expr<38-38>(1): var 'a' CHILD [nd_type, ]
						nd_type<38-38>(0): type 'statement' CHILD []
					nd_of_expr<39-39>(1): var 'b' CHILD [nd_type, ]
						nd_type<39-39>(0): type 'statement' CHILD []
					nd_of_expr<40-40>(1): var 'c' CHILD [nd_type, ]
						nd_type<40-40>(1): type 'set' CHILD [nd_type, ]
							nd_type<40-40>(0): type 'statement' CHILD []
				nd_exprs<41-42>(2):  CHILD [nd_expr, nd_expr, ]
					nd_expr<41-41>(2): op 'op_get' CHILD [nd_expr, nd_expr, ]
						nd_expr<41-41>(1): var 'c' CHILD [c, ]
						nd_expr<41-41>(2): op 'op_contain' CHILD [nd_expr, nd_expr, ]
							nd_expr<41-41>(1): var 'a' CHILD [a, ]
							nd_expr<41-41>(1): var 'b' CHILD [b, ]
					nd_expr<42-42>(2): op 'op_get' CHILD [nd_expr, nd_expr, ]
						nd_expr<42-42>(1): var 'c' CHILD [c, ]
						nd_expr<42-42>(1): var 'a' CHILD [a, ]
			nd_exprs<44-45>(1):  CHILD [nd_expr, ]
				nd_expr<44-44>(2): op 'op_get' CHILD [nd_expr, nd_expr, ]
					nd_expr<44-44>(1): var 'c' CHILD [c, ]
					nd_expr<44-44>(1): var 'b' CHILD [b, ]
		nd_proof_block<46-54>(3): name 'contain_introduction' CHILD [nd_proof_req, nd_exprs, NULL, ]
			nd_proof_req<47-51>(2):  CHILD [nd_of_exprs, nd_exprs, ]
				nd_of_exprs<48-50>(3):  CHILD [nd_of_expr, nd_of_expr, nd_of_expr, ]
					nd_of_expr<48-48>(1): var 'a' CHILD [nd_type, ]
						nd_type<48-48>(0): type 'statement' CHILD []
					nd_of_expr<49-49>(1): var 'b' CHILD [nd_type, ]
						nd_type<49-49>(0): type 'statement' CHILD []
					nd_of_expr<50-50>(1): var 'c' CHILD [nd_type, ]
						nd_type<50-50>(1): type 'set' CHILD [nd_type, ]
							nd_type<50-50>(0): type 'statement' CHILD []
				nd_exprs<51-51>(1):  CHILD [nd_expr, ]
					nd_expr<51-51>(2): op 'op_get' CHILD [nd_expr, nd_expr, ]
						nd_expr<51-51>(2): op 'op_comma' CHILD [nd_expr, nd_expr, ]
							nd_expr<51-51>(1): var 'a' CHILD [a, ]
							nd_expr<51-51>(1): var 'c' CHILD [c, ]
						nd_expr<51-51>(1): var 'b' CHILD [b, ]
			nd_exprs<53-54>(1):  CHILD [nd_expr, ]
				nd_expr<53-53>(2): op 'op_get' CHILD [nd_expr, nd_expr, ]
					nd_expr<53-53>(1): var 'c' CHILD [c, ]
					nd_expr<53-53>(2): op 'op_contain' CHILD [nd_expr, nd_expr, ]
						nd_expr<53-53>(1): var 'a' CHILD [a, ]
						nd_expr<53-53>(1): var 'b' CHILD [b, ]
		nd_proof_block<55-65>(3): name 'vee_cancellation' CHILD [nd_proof_req, nd_exprs, NULL, ]
			nd_proof_req<56-62>(2):  CHILD [nd_of_exprs, nd_exprs, ]
				nd_of_exprs<57-60>(4):  CHILD [nd_of_expr, nd_of_expr, nd_of_expr, nd_of_expr, ]
					nd_of_expr<57-57>(1): var 'a' CHILD [nd_type, ]
						nd_type<57-57>(0): type 'statement' CHILD []
					nd_of_expr<58-58>(1): var 'b' CHILD [nd_type, ]
						nd_type<58-58>(0): type 'statement' CHILD []
					nd_of_expr<59-59>(1): var 'c' CHILD [nd_type, ]
						nd_type<59-59>(0): type 'statement' CHILD []
					nd_of_expr<60-60>(1): var 'd' CHILD [nd_type, ]
						nd_type<60-60>(1): type 'set' CHILD [nd_type, ]
							nd_type<60-60>(0): type 'statement' CHILD []
				nd_exprs<61-62>(2):  CHILD [nd_expr, nd_expr, ]
					nd_expr<61-61>(2): op 'op_get' CHILD [nd_expr, nd_expr, ]
						nd_expr<61-61>(2): op 'op_comma' CHILD [nd_expr, nd_expr, ]
							nd_expr<61-61>(1): var 'a' CHILD [a, ]
							nd_expr<61-61>(1): var 'd' CHILD [d, ]
						nd_expr<61-61>(1): var 'c' CHILD [c, ]
					nd_expr<62-62>(2): op 'op_get' CHILD [nd_expr, nd_expr, ]
						nd_expr<62-62>(2): op 'op_comma' CHILD [nd_expr, nd_expr, ]
							nd_expr<62-62>(1): var 'b' CHILD [b, ]
							nd_expr<62-62>(1): var 'd' CHILD [d, ]
						nd_expr<62-62>(1): var 'c' CHILD [c, ]
			nd_exprs<64-65>(1):  CHILD [nd_expr, ]
				nd_expr<64-64>(2): op 'op_get' CHILD [nd_expr, nd_expr, ]
					nd_expr<64-64>(2): op 'op_comma' CHILD [nd_expr, nd_expr, ]
						nd_expr<64-64>(2): op 'op_vee' CHILD [nd_expr, nd_expr, ]
							nd_expr<64-64>(1): var 'a' CHILD [a, ]
							nd_expr<64-64>(1): var 'b' CHILD [b, ]
						nd_expr<64-64>(1): var 'd' CHILD [d, ]
					nd_expr<64-64>(1): var 'c' CHILD [c, ]
		nd_proof_block<66-74>(3): name 'vee_introduction_right' CHILD [nd_proof_req, nd_exprs, NULL, ]
			nd_proof_req<67-71>(2):  CHILD [nd_of_exprs, nd_exprs, ]
				nd_of_exprs<68-70>(3):  CHILD [nd_of_expr, nd_of_expr, nd_of_expr, ]
					nd_of_expr<68-68>(1): var 'a' CHILD [nd_type, ]
						nd_type<68-68>(0): type 'statement' CHILD []
					nd_of_expr<69-69>(1): var 'b' CHILD [nd_type, ]
						nd_type<69-69>(0): type 'statement' CHILD []
					nd_of_expr<70-70>(1): var 'c' CHILD [nd_type, ]
						nd_type<70-70>(1): type 'set' CHILD [nd_type, ]
							nd_type<70-70>(0): type 'statement' CHILD []
				nd_exprs<71-71>(1):  CHILD [nd_expr, ]
					nd_expr<71-71>(2): op 'op_get' CHILD [nd_expr, nd_expr, ]
						nd_expr<71-71>(1): var 'c' CHILD [c, ]
						nd_expr<71-71>(1): var 'a' CHILD [a, ]
			nd_exprs<73-74>(1):  CHILD [nd_expr, ]
				nd_expr<73-73>(2): op 'op_get' CHILD [nd_expr, nd_expr, ]
					nd_expr<73-73>(1): var 'c' CHILD [c, ]
					nd_expr<73-73>(2): op 'op_vee' CHILD [nd_expr, nd_expr, ]
						nd_expr<73-73>(1): var 'a' CHILD [a, ]
						nd_expr<73-73>(1): var 'b' CHILD [b, ]
		nd_proof_block<75-83>(3): name 'vee_introduction_left' CHILD [nd_proof_req, nd_exprs, NULL, ]
			nd_proof_req<76-80>(2):  CHILD [nd_of_exprs, nd_exprs, ]
				nd_of_exprs<77-79>(3):  CHILD [nd_of_expr, nd_of_expr, nd_of_expr, ]
					nd_of_expr<77-77>(1): var 'a' CHILD [nd_type, ]
						nd_type<77-77>(0): type 'statement' CHILD []
					nd_of_expr<78-78>(1): var 'b' CHILD [nd_type, ]
						nd_type<78-78>(0): type 'statement' CHILD []
					nd_of_expr<79-79>(1): var 'c' CHILD [nd_type, ]
						nd_type<79-79>(1): type 'set' CHILD [nd_type, ]
							nd_type<79-79>(0): type 'statement' CHILD []
				nd_exprs<80-80>(1):  CHILD [nd_expr, ]
					nd_expr<80-80>(2): op 'op_get' CHILD [nd_expr, nd_expr, ]
						nd_expr<80-80>(1): var 'c' CHILD [c, ]
						nd_expr<80-80>(1): var 'a' CHILD [a, ]
			nd_exprs<82-83>(1):  CHILD [nd_expr, ]
				nd_expr<82-82>(2): op 'op_get' CHILD [nd_expr, nd_expr, ]
					nd_expr<82-82>(1): var 'c' CHILD [c, ]
					nd_expr<82-82>(2): op 'op_vee' CHILD [nd_expr, nd_expr, ]
						nd_expr<82-82>(1): var 'b' CHILD [b, ]
						nd_expr<82-82>(1): var 'a' CHILD [a, ]
		nd_proof_block<84-92>(3): name 'wedge_cancellation_left' CHILD [nd_proof_req, nd_exprs, NULL, ]
			nd_proof_req<85-89>(2):  CHILD [nd_of_exprs, nd_exprs, ]
				nd_of_exprs<86-88>(3):  CHILD [nd_of_expr, nd_of_expr, nd_of_expr, ]
					nd_of_expr<86-86>(1): var 'a' CHILD [nd_type, ]
						nd_type<86-86>(0): type 'statement' CHILD []
					nd_of_expr<87-87>(1): var 'b' CHILD [nd_type, ]
						nd_type<87-87>(0): type 'statement' CHILD []
					nd_of_expr<88-88>(1): var 'c' CHILD [nd_type, ]
						nd_type<88-88>(1): type 'set' CHILD [nd_type, ]
							nd_type<88-88>(0): type 'statement' CHILD []
				nd_exprs<89-89>(1):  CHILD [nd_expr, ]
					nd_expr<89-89>(2): op 'op_get' CHILD [nd_expr, nd_expr, ]
						nd_expr<89-89>(1): var 'c' CHILD [c, ]
						nd_expr<89-89>(2): op 'op_wedge' CHILD [nd_expr, nd_expr, ]
							nd_expr<89-89>(1): var 'a' CHILD [a, ]
							nd_expr<89-89>(1): var 'b' CHILD [b, ]
			nd_exprs<91-92>(1):  CHILD [nd_expr, ]
				nd_expr<91-91>(2): op 'op_get' CHILD [nd_expr, nd_expr, ]
					nd_expr<91-91>(1): var 'c' CHILD [c, ]
					nd_expr<91-91>(1): var 'a' CHILD [a, ]
		nd_proof_block<93-101>(3): name 'wedge_cancellation_right' CHILD [nd_proof_req, nd_exprs, NULL, ]
			nd_proof_req<94-98>(2):  CHILD [nd_of_exprs, nd_exprs, ]
				nd_of_exprs<95-97>(3):  CHILD [nd_of_expr, nd_of_expr, nd_of_expr, ]
					nd_of_expr<95-95>(1): var 'a' CHILD [nd_type, ]
						nd_type<95-95>(0): type 'statement' CHILD []
					nd_of_expr<96-96>(1): var 'b' CHILD [nd_type, ]
						nd_type<96-96>(0): type 'statement' CHILD []
					nd_of_expr<97-97>(1): var 'c' CHILD [nd_type, ]
						nd_type<97-97>(1): type 'set' CHILD [nd_type, ]
							nd_type<97-97>(0): type 'statement' CHILD []
				nd_exprs<98-98>(1):  CHILD [nd_expr, ]
					nd_expr<98-98>(2): op 'op_get' CHILD [nd_expr, nd_expr, ]
						nd_expr<98-98>(1): var 'c' CHILD [c, ]
						nd_expr<98-98>(2): op 'op_wedge' CHILD [nd_expr, nd_expr, ]
							nd_expr<98-98>(1): var 'a' CHILD [a, ]
							nd_expr<98-98>(1): var 'b' CHILD [b, ]
			nd_exprs<100-101>(1):  CHILD [nd_expr, ]
				nd_expr<100-100>(2): op 'op_get' CHILD [nd_expr, nd_expr, ]
					nd_expr<100-100>(1): var 'c' CHILD [c, ]
					nd_expr<100-100>(1): var 'b' CHILD [b, ]
		nd_proof_block<102-111>(3): name 'wedge_introduction' CHILD [nd_proof_req, nd_exprs, NULL, ]
			nd_proof_req<103-108>(2):  CHILD [nd_of_exprs, nd_exprs, ]
				nd_of_exprs<104-106>(3):  CHILD [nd_of_expr, nd_of_expr, nd_of_expr, ]
					nd_of_expr<104-104>(1): var 'a' CHILD [nd_type, ]
						nd_type<104-104>(0): type 'statement' CHILD []
					nd_of_expr<105-105>(1): var 'b' CHILD [nd_type, ]
						nd_type<105-105>(0): type 'statement' CHILD []
					nd_of_expr<106-106>(1): var 'c' CHILD [nd_type, ]
						nd_type<106-106>(1): type 'set' CHILD [nd_type, ]
							nd_type<106-106>(0): type 'statement' CHILD []
				nd_exprs<107-108>(2):  CHILD [nd_expr, nd_expr, ]
					nd_expr<107-107>(2): op 'op_get' CHILD [nd_expr, nd_expr, ]
						nd_expr<107-107>(1): var 'c' CHILD [c, ]
						nd_expr<107-107>(1): var 'a' CHILD [a, ]
					nd_expr<108-108>(2): op 'op_get' CHILD [nd_expr, nd_expr, ]
						nd_expr<108-108>(1): var 'c' CHILD [c, ]
						nd_expr<108-108>(1): var 'b' CHILD [b, ]
			nd_exprs<110-111>(1):  CHILD [nd_expr, ]
				nd_expr<110-110>(2): op 'op_get' CHILD [nd_expr, nd_expr, ]
					nd_expr<110-110>(1): var 'c' CHILD [c, ]
					nd_expr<110-110>(2): op 'op_wedge' CHILD [nd_expr, nd_expr, ]
						nd_expr<110-110>(1): var 'a' CHILD [a, ]
						nd_expr<110-110>(1): var 'b' CHILD [b, ]
		nd_proof_block<112-121>(3): name 'contain_cancellation_left' CHILD [nd_proof_req, nd_exprs, NULL, ]
			nd_proof_req<113-118>(2):  CHILD [nd_of_exprs, nd_exprs, ]
				nd_of_exprs<114-116>(3):  CHILD [nd_of_expr, nd_of_expr, nd_of_expr, ]
					nd_of_expr<114-114>(1): var 'a' CHILD [nd_type, ]
						nd_type<114-114>(0): type 'statement' CHILD []
					nd_of_expr<115-115>(1): var 'b' CHILD [nd_type, ]
						nd_type<115-115>(0): type 'statement' CHILD []
					nd_of_expr<116-116>(1): var 'c' CHILD [nd_type, ]
						nd_type<116-116>(1): type 'set' CHILD [nd_type, ]
							nd_type<116-116>(0): type 'statement' CHILD []
				nd_exprs<117-118>(2):  CHILD [nd_expr, nd_expr, ]
					nd_expr<117-117>(2): op 'op_get' CHILD [nd_expr, nd_expr, ]
						nd_expr<117-117>(1): var 'c' CHILD [c, ]
						nd_expr<117-117>(2): op 'op_dcontain' CHILD [nd_expr, nd_expr, ]
							nd_expr<117-117>(1): var 'a' CHILD [a, ]
							nd_expr<117-117>(1): var 'b' CHILD [b, ]
					nd_expr<118-118>(2): op 'op_get' CHILD [nd_expr, nd_expr, ]
						nd_expr<118-118>(1): var 'c' CHILD [c, ]
						nd_expr<118-118>(1): var 'a' CHILD [a, ]
			nd_exprs<120-121>(1):  CHILD [nd_expr, ]
				nd_expr<120-120>(2): op 'op_get' CHILD [nd_expr, nd_expr, ]
					nd_expr<120-120>(1): var 'c' CHILD [c, ]
					nd_expr<120-120>(1): var 'b' CHILD [b, ]
		nd_proof_block<122-131>(3): name 'contain_cancellation_right' CHILD [nd_proof_req, nd_exprs, NULL, ]
			nd_proof_req<123-128>(2):  CHILD [nd_of_exprs, nd_exprs, ]
				nd_of_exprs<124-126>(3):  CHILD [nd_of_expr, nd_of_expr, nd_of_expr, ]
					nd_of_expr<124-124>(1): var 'a' CHILD [nd_type, ]
						nd_type<124-124>(0): type 'statement' CHILD []
					nd_of_expr<125-125>(1): var 'b' CHILD [nd_type, ]
						nd_type<125-125>(0): type 'statement' CHILD []
					nd_of_expr<126-126>(1): var 'c' CHILD [nd_type, ]
						nd_type<126-126>(1): type 'set' CHILD [nd_type, ]
							nd_type<126-126>(0): type 'statement' CHILD []
				nd_exprs<127-128>(2):  CHILD [nd_expr, nd_expr, ]
					nd_expr<127-127>(2): op 'op_get' CHILD [nd_expr, nd_expr, ]
						nd_expr<127-127>(1): var 'c' CHILD [c, ]
						nd_expr<127-127>(2): op 'op_dcontain' CHILD [nd_expr, nd_expr, ]
							nd_expr<127-127>(1): var 'a' CHILD [a, ]
							nd_expr<127-127>(1): var 'b' CHILD [b, ]
					nd_expr<128-128>(2): op 'op_get' CHILD [nd_expr, nd_expr, ]
						nd_expr<128-128>(1): var 'c' CHILD [c, ]
						nd_expr<128-128>(1): var 'b' CHILD [b, ]
			nd_exprs<130-131>(1):  CHILD [nd_expr, ]
				nd_expr<130-130>(2): op 'op_get' CHILD [nd_expr, nd_expr, ]
					nd_expr<130-130>(1): var 'c' CHILD [c, ]
					nd_expr<130-130>(1): var 'a' CHILD [a, ]
		nd_proof_block<132-165>(3): name 'contain_introduction' CHILD [nd_proof_req, nd_exprs, NULL, ]
			nd_proof_req<133-138>(2):  CHILD [nd_of_exprs, nd_exprs, ]
				nd_of_exprs<134-136>(3):  CHILD [nd_of_expr, nd_of_expr, nd_of_expr, ]
					nd_of_expr<134-134>(1): var 'a' CHILD [nd_type, ]
						nd_type<134-134>(0): type 'statement' CHILD []
					nd_of_expr<135-135>(1): var 'b' CHILD [nd_type, ]
						nd_type<135-135>(0): type 'statement' CHILD []
					nd_of_expr<136-136>(1): var 'c' CHILD [nd_type, ]
						nd_type<136-136>(1): type 'set' CHILD [nd_type, ]
							nd_type<136-136>(0): type 'statement' CHILD []
				nd_exprs<137-138>(2):  CHILD [nd_expr, nd_expr, ]
					nd_expr<137-137>(2): op 'op_get' CHILD [nd_expr, nd_expr, ]
						nd_expr<137-137>(2): op 'op_comma' CHILD [nd_expr, nd_expr, ]
							nd_expr<137-137>(1): var 'a' CHILD [a, ]
							nd_expr<137-137>(1): var 'c' CHILD [c, ]
						nd_expr<137-137>(1): var 'b' CHILD [b, ]
					nd_expr<138-138>(2): op 'op_get' CHILD [nd_expr, nd_expr, ]
						nd_expr<138-138>(2): op 'op_comma' CHILD [nd_expr, nd_expr, ]
							nd_expr<138-138>(1): var 'b' CHILD [b, ]
							nd_expr<138-138>(1): var 'c' CHILD [c, ]
						nd_expr<138-138>(1): var 'a' CHILD [a, ]
			nd_exprs<140-165>(1):  CHILD [nd_expr, ]
				nd_expr<140-140>(2): op 'op_get' CHILD [nd_expr, nd_expr, ]
					nd_expr<140-140>(1): var 'c' CHILD [c, ]
					nd_expr<140-140>(2): op 'op_dcontain' CHILD [nd_expr, nd_expr, ]
						nd_expr<140-140>(1): var 'a' CHILD [a, ]
						nd_expr<140-140>(1): var 'b' CHILD [b, ]
		nd_proof_block<166-172>(3): name 'belong' CHILD [nd_proof_req, nd_exprs, NULL, ]
			nd_proof_req<167-169>(2):  CHILD [nd_of_exprs, nd_exprs, ]
				nd_of_exprs<168-169>(2):  CHILD [nd_of_expr, nd_of_expr, ]
					nd_of_expr<168-168>(1): var 'a' CHILD [nd_type, ]
						nd_type<168-168>(0): type 'statement' CHILD []
					nd_of_expr<169-169>(1): var 'b' CHILD [nd_type, ]
						nd_type<169-169>(1): type 'set' CHILD [nd_type, ]
							nd_type<169-169>(0): type 'statement' CHILD []
				nd_exprs<0-0>(0):  CHILD []
			nd_exprs<171-172>(1):  CHILD [nd_expr, ]
				nd_expr<171-171>(2): op 'op_get' CHILD [nd_expr, nd_expr, ]
					nd_expr<171-171>(2): op 'op_comma' CHILD [nd_expr, nd_expr, ]
						nd_expr<171-171>(1): var 'a' CHILD [a, ]
						nd_expr<171-171>(1): var 'b' CHILD [b, ]
					nd_expr<171-171>(1): var 'a' CHILD [a, ]
		nd_proof_block<173-183>(3): name 'vee_cancellation' CHILD [nd_proof_req, nd_exprs, NULL, ]
			nd_proof_req<174-180>(2):  CHILD [nd_of_exprs, nd_exprs, ]
				nd_of_exprs<175-178>(4):  CHILD [nd_of_expr, nd_of_expr, nd_of_expr, nd_of_expr, ]
					nd_of_expr<175-175>(1): var 'a' CHILD [nd_type, ]
						nd_type<175-175>(0): type 'statement' CHILD []
					nd_of_expr<176-176>(1): var 'b' CHILD [nd_type, ]
						nd_type<176-176>(0): type 'statement' CHILD []
					nd_of_expr<177-177>(1): var 'c' CHILD [nd_type, ]
						nd_type<177-177>(0): type 'statement' CHILD []
					nd_of_expr<178-178>(1): var 'd' CHILD [nd_type, ]
						nd_type<178-178>(1): type 'set' CHILD [nd_type, ]
							nd_type<178-178>(0): type 'statement' CHILD []
				nd_exprs<179-180>(2):  CHILD [nd_expr, nd_expr, ]
					nd_expr<179-179>(2): op 'op_get' CHILD [nd_expr, nd_expr, ]
						nd_expr<179-179>(2): op 'op_comma' CHILD [nd_expr, nd_expr, ]
							nd_expr<179-179>(1): var 'a' CHILD [a, ]
							nd_expr<179-179>(1): var 'd' CHILD [d, ]
						nd_expr<179-179>(1): var 'c' CHILD [c, ]
					nd_expr<180-180>(2): op 'op_get' CHILD [nd_expr, nd_expr, ]
						nd_expr<180-180>(2): op 'op_comma' CHILD [nd_expr, nd_expr, ]
							nd_expr<180-180>(1): var 'b' CHILD [b, ]
							nd_expr<180-180>(1): var 'd' CHILD [d, ]
						nd_expr<180-180>(1): var 'c' CHILD [c, ]
			nd_exprs<182-183>(1):  CHILD [nd_expr, ]
				nd_expr<182-182>(2): op 'op_get' CHILD [nd_expr, nd_expr, ]
					nd_expr<182-182>(2): op 'op_comma' CHILD [nd_expr, nd_expr, ]
						nd_expr<182-182>(2): op 'op_vee' CHILD [nd_expr, nd_expr, ]
							nd_expr<182-182>(1): var 'a' CHILD [a, ]
							nd_expr<182-182>(1): var 'b' CHILD [b, ]
						nd_expr<182-182>(1): var 'd' CHILD [d, ]
					nd_expr<182-182>(1): var 'c' CHILD [c, ]
		nd_proof_block<184-192>(3): name 'vee_introduction_right' CHILD [nd_proof_req, nd_exprs, NULL, ]
			nd_proof_req<185-189>(2):  CHILD [nd_of_exprs, nd_exprs, ]
				nd_of_exprs<186-188>(3):  CHILD [nd_of_expr, nd_of_expr, nd_of_expr, ]
					nd_of_expr<186-186>(1): var 'a' CHILD [nd_type, ]
						nd_type<186-186>(0): type 'statement' CHILD []
					nd_of_expr<187-187>(1): var 'b' CHILD [nd_type, ]
						nd_type<187-187>(0): type 'statement' CHILD []
					nd_of_expr<188-188>(1): var 'c' CHILD [nd_type, ]
						nd_type<188-188>(1): type 'set' CHILD [nd_type, ]
							nd_type<188-188>(0): type 'statement' CHILD []
				nd_exprs<189-189>(1):  CHILD [nd_expr, ]
					nd_expr<189-189>(2): op 'op_get' CHILD [nd_expr, nd_expr, ]
						nd_expr<189-189>(1): var 'c' CHILD [c, ]
						nd_expr<189-189>(1): var 'a' CHILD [a, ]
			nd_exprs<191-192>(1):  CHILD [nd_expr, ]
				nd_expr<191-191>(2): op 'op_get' CHILD [nd_expr, nd_expr, ]
					nd_expr<191-191>(1): var 'c' CHILD [c, ]
					nd_expr<191-191>(2): op 'op_vee' CHILD [nd_expr, nd_expr, ]
						nd_expr<191-191>(1): var 'a' CHILD [a, ]
						nd_expr<191-191>(1): var 'b' CHILD [b, ]
		nd_proof_block<193-201>(3): name 'vee_introduction_left' CHILD [nd_proof_req, nd_exprs, NULL, ]
			nd_proof_req<194-198>(2):  CHILD [nd_of_exprs, nd_exprs, ]
				nd_of_exprs<195-197>(3):  CHILD [nd_of_expr, nd_of_expr, nd_of_expr, ]
					nd_of_expr<195-195>(1): var 'a' CHILD [nd_type, ]
						nd_type<195-195>(0): type 'statement' CHILD []
					nd_of_expr<196-196>(1): var 'b' CHILD [nd_type, ]
						nd_type<196-196>(0): type 'statement' CHILD []
					nd_of_expr<197-197>(1): var 'c' CHILD [nd_type, ]
						nd_type<197-197>(1): type 'set' CHILD [nd_type, ]
							nd_type<197-197>(0): type 'statement' CHILD []
				nd_exprs<198-198>(1):  CHILD [nd_expr, ]
					nd_expr<198-198>(2): op 'op_get' CHILD [nd_expr, nd_expr, ]
						nd_expr<198-198>(1): var 'c' CHILD [c, ]
						nd_expr<198-198>(1): var 'a' CHILD [a, ]
			nd_exprs<200-201>(1):  CHILD [nd_expr, ]
				nd_expr<200-200>(2): op 'op_get' CHILD [nd_expr, nd_expr, ]
					nd_expr<200-200>(1): var 'c' CHILD [c, ]
					nd_expr<200-200>(2): op 'op_vee' CHILD [nd_expr, nd_expr, ]
						nd_expr<200-200>(1): var 'b' CHILD [b, ]
						nd_expr<200-200>(1): var 'a' CHILD [a, ]
		nd_proof_block<202-213>(3): name 'example26_18_2' CHILD [nd_proof_req, nd_exprs, nd_rich_exprs, ]
			nd_proof_req<203-205>(2):  CHILD [nd_of_exprs, nd_exprs, ]
				nd_of_exprs<204-205>(2):  CHILD [nd_of_expr, nd_of_expr, ]
					nd_of_expr<204-204>(1): var 'a' CHILD [nd_type, ]
						nd_type<204-204>(0): type 'statement' CHILD []
					nd_of_expr<205-205>(1): var 'b' CHILD [nd_type, ]
						nd_type<205-205>(0): type 'statement' CHILD []
				nd_exprs<0-0>(0):  CHILD []
			nd_exprs<207-207>(1):  CHILD [nd_expr, ]
				nd_expr<207-207>(2): op 'op_get' CHILD [nd_expr, nd_expr, ]
					nd_expr<207-207>(2): op 'op_vee' CHILD [nd_expr, nd_expr, ]
						nd_expr<207-207>(1): var 'b' CHILD [b, ]
						nd_expr<207-207>(1): var 'a' CHILD [a, ]
					nd_expr<207-207>(2): op 'op_vee' CHILD [nd_expr, nd_expr, ]
						nd_expr<207-207>(1): var 'a' CHILD [a, ]
						nd_expr<207-207>(1): var 'b' CHILD [b, ]
			nd_rich_exprs<209-213>(5):  CHILD [nd_rich_expr, nd_rich_expr, nd_rich_expr, nd_rich_expr, nd_rich_expr, ]
				nd_rich_expr(2): CHILD [nd_ref_body, 1]
					nd_expr<209-209>(2): op 'op_get' CHILD [nd_expr, nd_expr, ]
						nd_expr<209-209>(1): var 'a' CHILD [a, ]
						nd_expr<209-209>(1): var 'a' CHILD [a, ]
					nd_ref_body(2): use 'belong' CHILD [prefix 'a',
				nd_rich_expr(2): CHILD [nd_ref_body, 2]
					nd_expr<210-210>(2): op 'op_get' CHILD [nd_expr, nd_expr, ]
						nd_expr<210-210>(1): var 'a' CHILD [a, ]
						nd_expr<210-210>(2): op 'op_vee' CHILD [nd_expr, nd_expr, ]
							nd_expr<210-210>(1): var 'a' CHILD [a, ]
							nd_expr<210-210>(1): var 'b' CHILD [b, ]
					nd_ref_body(2): use 'vee_introduction_right' CHILD [prefix 't',nd_ref_labels ]
						nd_ref_labels<210-210>(1):  CHILD [1, ]
				nd_rich_expr(2): CHILD [nd_ref_body, 3]
					nd_expr<211-211>(2): op 'op_get' CHILD [nd_expr, nd_expr, ]
						nd_expr<211-211>(1): var 'b' CHILD [b, ]
						nd_expr<211-211>(1): var 'b' CHILD [b, ]
					nd_ref_body(2): use 'belong' CHILD [prefix 'a',
				nd_rich_expr(2): CHILD [nd_ref_body, 4]
					nd_expr<212-212>(2): op 'op_get' CHILD [nd_expr, nd_expr, ]
						nd_expr<212-212>(1): var 'b' CHILD [b, ]
						nd_expr<212-212>(2): op 'op_vee' CHILD [nd_expr, nd_expr, ]
							nd_expr<212-212>(1): var 'a' CHILD [a, ]
							nd_expr<212-212>(1): var 'b' CHILD [b, ]
					nd_ref_body(2): use 'vee_introduction_left' CHILD [prefix 't',nd_ref_labels ]
						nd_ref_labels<212-212>(1):  CHILD [3, ]
				nd_rich_expr(2): CHILD [nd_ref_body, 5]
					nd_expr<213-213>(2): op 'op_get' CHILD [nd_expr, nd_expr, ]
						nd_expr<213-213>(2): op 'op_vee' CHILD [nd_expr, nd_expr, ]
							nd_expr<213-213>(1): var 'b' CHILD [b, ]
							nd_expr<213-213>(1): var 'a' CHILD [a, ]
						nd_expr<213-213>(2): op 'op_vee' CHILD [nd_expr, nd_expr, ]
							nd_expr<213-213>(1): var 'a' CHILD [a, ]
							nd_expr<213-213>(1): var 'b' CHILD [b, ]
					nd_ref_body(2): use 'vee_cancellation' CHILD [prefix 't',nd_ref_labels ]
						nd_ref_labels<213-213>(2):  CHILD [4, 2, ]
